<?xml version="1.0" encoding="UTF-8"?>
<coverage generated="1742911699596" clover="3.2.0">
  <project timestamp="1742911699596" name="All files">
    <metrics statements="16" coveredstatements="16" conditionals="6" coveredconditionals="6" methods="4" coveredmethods="4" elements="26" coveredelements="26" complexity="0" loc="16" ncloc="16" packages="1" files="3" classes="3"/>
    <file name="genDiff.js" path="/home/presimos/hexlet_projects/frontend-project-46/src/genDiff.js">
      <metrics statements="10" coveredstatements="10" conditionals="6" coveredconditionals="6" methods="2" coveredmethods="2"/>
      <line num="4" count="1" type="stmt"/>
      <line num="5" count="1" type="stmt"/>
      <line num="6" count="5" type="cond" truecount="2" falsecount="0"/>
      <line num="7" count="2" type="stmt"/>
      <line num="9" count="3" type="cond" truecount="2" falsecount="0"/>
      <line num="10" count="1" type="stmt"/>
      <line num="12" count="2" type="cond" truecount="2" falsecount="0"/>
      <line num="13" count="1" type="stmt"/>
      <line num="15" count="1" type="stmt"/>
      <line num="18" count="1" type="stmt"/>
    </file>
    <file name="index.js" path="/home/presimos/hexlet_projects/frontend-project-46/src/index.js">
      <metrics statements="3" coveredstatements="3" conditionals="0" coveredconditionals="0" methods="1" coveredmethods="1"/>
      <line num="5" count="1" type="stmt"/>
      <line num="6" count="1" type="stmt"/>
      <line num="8" count="1" type="stmt"/>
    </file>
    <file name="parser.js" path="/home/presimos/hexlet_projects/frontend-project-46/src/parser.js">
      <metrics statements="3" coveredstatements="3" conditionals="0" coveredconditionals="0" methods="1" coveredmethods="1"/>
      <line num="6" count="2" type="stmt"/>
      <line num="7" count="2" type="stmt"/>
      <line num="8" count="2" type="stmt"/>
    </file>
  </project>
</coverage>
