{"/home/presimos/hexlet_projects/frontend-project-46/src/genDiff.js": {"path":"/home/presimos/hexlet_projects/frontend-project-46/src/genDiff.js","statementMap":{"0":{"start":{"line":4,"column":15},"end":{"line":4,"column":72}},"1":{"start":{"line":5,"column":17},"end":{"line":16,"column":4}},"2":{"start":{"line":6,"column":4},"end":{"line":8,"column":5}},"3":{"start":{"line":7,"column":6},"end":{"line":7,"column":41}},"4":{"start":{"line":9,"column":4},"end":{"line":11,"column":5}},"5":{"start":{"line":10,"column":6},"end":{"line":10,"column":41}},"6":{"start":{"line":12,"column":4},"end":{"line":14,"column":5}},"7":{"start":{"line":13,"column":6},"end":{"line":13,"column":68}},"8":{"start":{"line":15,"column":4},"end":{"line":15,"column":39}},"9":{"start":{"line":18,"column":2},"end":{"line":18,"column":38}}},"fnMap":{"0":{"name":"(anonymous_0)","decl":{"start":{"line":3,"column":15},"end":{"line":3,"column":16}},"loc":{"start":{"line":3,"column":33},"end":{"line":19,"column":1}},"line":3},"1":{"name":"(anonymous_1)","decl":{"start":{"line":5,"column":26},"end":{"line":5,"column":27}},"loc":{"start":{"line":5,"column":35},"end":{"line":16,"column":3}},"line":5}},"branchMap":{"0":{"loc":{"start":{"line":6,"column":4},"end":{"line":8,"column":5}},"type":"if","locations":[{"start":{"line":6,"column":4},"end":{"line":8,"column":5}},{"start":{},"end":{}}],"line":6},"1":{"loc":{"start":{"line":9,"column":4},"end":{"line":11,"column":5}},"type":"if","locations":[{"start":{"line":9,"column":4},"end":{"line":11,"column":5}},{"start":{},"end":{}}],"line":9},"2":{"loc":{"start":{"line":12,"column":4},"end":{"line":14,"column":5}},"type":"if","locations":[{"start":{"line":12,"column":4},"end":{"line":14,"column":5}},{"start":{},"end":{}}],"line":12}},"s":{"0":1,"1":1,"2":5,"3":2,"4":3,"5":1,"6":2,"7":1,"8":1,"9":1},"f":{"0":1,"1":5},"b":{"0":[2,3],"1":[1,2],"2":[1,1]},"_coverageSchema":"1a1c01bbd47fc00a2c39e90264f33305004495a9","hash":"ae24fe03c18ebc1c298e16efb6d378b1baa43324"}
,"/home/presimos/hexlet_projects/frontend-project-46/src/index.js": {"path":"/home/presimos/hexlet_projects/frontend-project-46/src/index.js","statementMap":{"0":{"start":{"line":5,"column":16},"end":{"line":5,"column":36}},"1":{"start":{"line":6,"column":16},"end":{"line":6,"column":36}},"2":{"start":{"line":8,"column":2},"end":{"line":8,"column":31}}},"fnMap":{"0":{"name":"(anonymous_0)","decl":{"start":{"line":4,"column":15},"end":{"line":4,"column":16}},"loc":{"start":{"line":4,"column":41},"end":{"line":9,"column":1}},"line":4}},"branchMap":{},"s":{"0":1,"1":1,"2":1},"f":{"0":1},"b":{},"_coverageSchema":"1a1c01bbd47fc00a2c39e90264f33305004495a9","hash":"8b64cb3bc412785b4c284fb29e9e5050bc3fd632"}
,"/home/presimos/hexlet_projects/frontend-project-46/src/parser.js": {"path":"/home/presimos/hexlet_projects/frontend-project-46/src/parser.js","statementMap":{"0":{"start":{"line":6,"column":23},"end":{"line":6,"column":60}},"1":{"start":{"line":7,"column":19},"end":{"line":7,"column":57}},"2":{"start":{"line":8,"column":2},"end":{"line":8,"column":30}}},"fnMap":{"0":{"name":"(anonymous_0)","decl":{"start":{"line":5,"column":15},"end":{"line":5,"column":16}},"loc":{"start":{"line":5,"column":29},"end":{"line":9,"column":1}},"line":5}},"branchMap":{},"s":{"0":2,"1":2,"2":2},"f":{"0":2},"b":{},"_coverageSchema":"1a1c01bbd47fc00a2c39e90264f33305004495a9","hash":"077aa6198247f574cb1c570d05302c7829ad3aee"}
}
